In file included from D:/Work/MWSTAGE/MWSDK/TWENET/current/src/EASTL/include/EASTL/fixed_vector.h:17:0,
                 from D:/Work/MWSTAGE/MWSDK/Act_samples/Rcv_Univsl/dup_checker.hpp:13,
                 from D:/Work/MWSTAGE/MWSDK/Act_samples/Rcv_Univsl/dup_checker.cpp:5:
D:/Work/MWSTAGE/MWSDK/TWENET/current/src/EASTL/include/EASTL/internal/fixed_pool.h: In member function 'void* eastl::fixed_pool::allocate()':
D:/Work/MWSTAGE/MWSDK/TWENET/current/src/EASTL/include/EASTL/internal/fixed_pool.h:320:86: warning: cast from 'char8_t* {aka char*}' to 'eastl::fixed_pool_base::Link*' increases required alignment of target type [-Wcast-align]
In file included from D:/Work/MWSTAGE/MWSDK/TWENET/current/src/EASTL/include/EASTL/fixed_vector.h:17:0,
                 from D:/Work/MWSTAGE/MWSDK/Act_samples/Rcv_Univsl/dup_checker.hpp:13,
                 from D:/Work/MWSTAGE/MWSDK/Act_samples/Rcv_Univsl/pkt_handler.hpp:10,
                 from D:/Work/MWSTAGE/MWSDK/Act_samples/Rcv_Univsl/main.cpp:13:
D:/Work/MWSTAGE/MWSDK/TWENET/current/src/EASTL/include/EASTL/internal/fixed_pool.h: In member function 'void* eastl::fixed_pool::allocate()':
D:/Work/MWSTAGE/MWSDK/TWENET/current/src/EASTL/include/EASTL/internal/fixed_pool.h:320:86: warning: cast from 'char8_t* {aka char*}' to 'eastl::fixed_pool_base::Link*' increases required alignment of target type [-Wcast-align]
In file included from D:/Work/MWSTAGE/MWSDK/Act_samples/Rcv_Univsl/dup_checker.hpp:13:0,
                 from D:/Work/MWSTAGE/MWSDK/Act_samples/Rcv_Univsl/pkt_handler.hpp:10,
                 from D:/Work/MWSTAGE/MWSDK/Act_samples/Rcv_Univsl/main.cpp:13:
D:/Work/MWSTAGE/MWSDK/TWENET/current/src/EASTL/include/EASTL/fixed_vector.h: In instantiation of 'eastl::fixed_vector<T, nodeCount, bEnableOverflow, OverflowAllocator>::fixed_vector() [with T = _pal_sensor; long unsigned int nodeCount = 15ul; bool bEnableOverflow = false; OverflowAllocator = eastl::dummy_allocator]':
D:/Work/MWSTAGE/MWSDK/Act_samples/Rcv_Univsl/pkt_pal.hpp:253:61:   required from here
D:/Work/MWSTAGE/MWSDK/TWENET/current/src/EASTL/include/EASTL/fixed_vector.h:185:3: warning: cast from 'eastl::aligned_buffer_char* {aka char*}' to 'eastl::fixed_vector<_pal_sensor, 15ul, false>::value_type* {aka _pal_sensor*}' increases required alignment of target type [-Wcast-align]
D:/Work/MWSTAGE/MWSDK/TWENET/current/src/EASTL/include/EASTL/fixed_vector.h: In instantiation of 'eastl::fixed_vector<T, nodeCount, bEnableOverflow, OverflowAllocator>::fixed_vector() [with T = short int; long unsigned int nodeCount = 16ul; bool bEnableOverflow = false; OverflowAllocator = eastl::dummy_allocator]':
D:/Work/MWSTAGE/MWSDK/Act_samples/Rcv_Univsl/pkt_pal.hpp:253:61:   required from here
D:/Work/MWSTAGE/MWSDK/TWENET/current/src/EASTL/include/EASTL/fixed_vector.h:185:3: warning: cast from 'eastl::aligned_buffer_char* {aka char*}' to 'eastl::fixed_vector<short int, 16ul, false>::value_type* {aka short int*}' increases required alignment of target type [-Wcast-align]
D:/Work/MWSTAGE/MWSDK/TWENET/current/src/EASTL/include/EASTL/fixed_vector.h: In instantiation of 'eastl::fixed_vector<T, nodeCount, bEnableOverflow, OverflowAllocator>::fixed_vector() [with T = dup_check<131087u, 3000u, 15ul, 7ul>::_dup_checker_entry; long unsigned int nodeCount = 15ul; bool bEnableOverflow = false; OverflowAllocator = eastl::dummy_allocator]':
D:/Work/MWSTAGE/MWSDK/Act_samples/Rcv_Univsl/dup_checker.hpp:106:73:   required from 'dup_check<MODE, TIMEOUT_ms, N_ENTRIES, N_BUCKET_HASH>::dup_check() [with unsigned int MODE = 131087u; unsigned int TIMEOUT_ms = 3000u; long unsigned int N_ENTRIES = 15ul; long unsigned int N_BUCKET_HASH = 7ul]'
D:/Work/MWSTAGE/MWSDK/Act_samples/Rcv_Univsl/pkt_apptwelite.hpp:24:26:   required from here
D:/Work/MWSTAGE/MWSDK/TWENET/current/src/EASTL/include/EASTL/fixed_vector.h:185:3: warning: cast from 'eastl::aligned_buffer_char* {aka char*}' to 'eastl::fixed_vector<dup_check<131087u, 3000u, 15ul, 7ul>::_dup_checker_entry, 15ul, false, eastl::dummy_allocator>::value_type* {aka dup_check<131087u, 3000u, 15ul, 7ul>::_dup_checker_entry*}' increases required alignment of target type [-Wcast-align]
In file included from D:/Work/MWSTAGE/MWSDK/TWENET/current/src/EASTL/include/EASTL/fixed_vector.h:17:0,
                 from D:/Work/MWSTAGE/MWSDK/Act_samples/Rcv_Univsl/dup_checker.hpp:13,
                 from D:/Work/MWSTAGE/MWSDK/Act_samples/Rcv_Univsl/pkt_actsamples.hpp:9,
                 from D:/Work/MWSTAGE/MWSDK/Act_samples/Rcv_Univsl/pkt_actsamples.cpp:6:
D:/Work/MWSTAGE/MWSDK/TWENET/current/src/EASTL/include/EASTL/internal/fixed_pool.h: In member function 'void* eastl::fixed_pool::allocate()':
D:/Work/MWSTAGE/MWSDK/TWENET/current/src/EASTL/include/EASTL/internal/fixed_pool.h:320:86: warning: cast from 'char8_t* {aka char*}' to 'eastl::fixed_pool_base::Link*' increases required alignment of target type [-Wcast-align]
In file included from D:/Work/MWSTAGE/MWSDK/TWENET/current/src/EASTL/include/EASTL/vector.h:42:0,
                 from D:/Work/MWSTAGE/MWSDK/TWENET/current/src/EASTL/include/EASTL/fixed_vector.h:16,
                 from D:/Work/MWSTAGE/MWSDK/Act_samples/Rcv_Univsl/dup_checker.hpp:13,
                 from D:/Work/MWSTAGE/MWSDK/Act_samples/Rcv_Univsl/pkt_handler.hpp:10,
                 from D:/Work/MWSTAGE/MWSDK/Act_samples/Rcv_Univsl/main.cpp:13:
D:/Work/MWSTAGE/MWSDK/TWENET/current/src/EASTL/include/EASTL/memory.h: In instantiation of 'T* eastl::addressof(T&) [with T = dup_check<131087u, 3000u, 15ul, 7ul>::_dup_checker_entry]':
D:/Work/MWSTAGE/MWSDK/TWENET/current/src/EASTL/include/EASTL/memory.h:928:4:   required from 'void eastl::uninitialized_default_fill_n(ForwardIterator, Count) [with ForwardIterator = dup_check<131087u, 3000u, 15ul, 7ul>::_dup_checker_entry*; Count = long unsigned int]'
D:/Work/MWSTAGE/MWSDK/TWENET/current/src/EASTL/include/EASTL/vector.h:1851:4:   required from 'void eastl::vector<T, Allocator>::DoInsertValuesEnd(eastl::vector<T, Allocator>::size_type) [with T = dup_check<131087u, 3000u, 15ul, 7ul>::_dup_checker_entry; Allocator = eastl::fixed_vector_allocator<12ul, 15ul, 4ul, 0ul, false, eastl::dummy_allocator>; eastl::vector<T, Allocator>::size_type = long unsigned int]'
D:/Work/MWSTAGE/MWSDK/TWENET/current/src/EASTL/include/EASTL/vector.h:857:4:   required from 'void eastl::vector<T, Allocator>::resize(eastl::vector<T, Allocator>::size_type) [with T = dup_check<131087u, 3000u, 15ul, 7ul>::_dup_checker_entry; Allocator = eastl::fixed_vector_allocator<12ul, 15ul, 4ul, 0ul, false, eastl::dummy_allocator>; eastl::vector<T, Allocator>::size_type = long unsigned int]'
D:/Work/MWSTAGE/MWSDK/Act_samples/Rcv_Univsl/dup_checker.hpp:108:3:   required from 'dup_check<MODE, TIMEOUT_ms, N_ENTRIES, N_BUCKET_HASH>::dup_check() [with unsigned int MODE = 131087u; unsigned int TIMEOUT_ms = 3000u; long unsigned int N_ENTRIES = 15ul; long unsigned int N_BUCKET_HASH = 7ul]'
D:/Work/MWSTAGE/MWSDK/Act_samples/Rcv_Univsl/pkt_apptwelite.hpp:24:26:   required from here
D:/Work/MWSTAGE/MWSDK/TWENET/current/src/EASTL/include/EASTL/memory.h:116:96: warning: cast from 'char*' to 'dup_check<131087u, 3000u, 15ul, 7ul>::_dup_checker_entry*' increases required alignment of target type [-Wcast-align]
In file included from D:/Work/MWSTAGE/MWSDK/TWENET/current/src/EASTL/include/EASTL/fixed_vector.h:17:0,
                 from D:/Work/MWSTAGE/MWSDK/Act_samples/Rcv_Univsl/pkt_apptwelite.hpp:11,
                 from D:/Work/MWSTAGE/MWSDK/Act_samples/Rcv_Univsl/pkt_apptwelite.cpp:6:
D:/Work/MWSTAGE/MWSDK/TWENET/current/src/EASTL/include/EASTL/internal/fixed_pool.h: In member function 'void* eastl::fixed_pool::allocate()':
D:/Work/MWSTAGE/MWSDK/TWENET/current/src/EASTL/include/EASTL/internal/fixed_pool.h:320:86: warning: cast from 'char8_t* {aka char*}' to 'eastl::fixed_pool_base::Link*' increases required alignment of target type [-Wcast-align]
D:/Work/MWSTAGE/MWSDK/Act_samples/Rcv_Univsl/pkt_apptwelite.cpp: In member function 'bool pkt_apptwelite::analyze(mwx::L1::packet_rx&, bool&)':
D:/Work/MWSTAGE/MWSDK/Act_samples/Rcv_Univsl/pkt_apptwelite.cpp:115:9: warning: unused variable 'u8req' [-Wunused-variable]
D:/Work/MWSTAGE/MWSDK/Act_samples/Rcv_Univsl/pkt_apptwelite.cpp:118:10: warning: unused variable 'u16offset' [-Wunused-variable]
In file included from D:/Work/MWSTAGE/MWSDK/Act_samples/Rcv_Univsl/pkt_apptwelite.hpp:11:0,
                 from D:/Work/MWSTAGE/MWSDK/Act_samples/Rcv_Univsl/pkt_apptwelite.cpp:6:
D:/Work/MWSTAGE/MWSDK/TWENET/current/src/EASTL/include/EASTL/fixed_vector.h: In instantiation of 'eastl::fixed_vector<T, nodeCount, bEnableOverflow, OverflowAllocator>::fixed_vector() [with T = dup_check<131087u, 3000u, 15ul, 7ul>::_dup_checker_entry; long unsigned int nodeCount = 15ul; bool bEnableOverflow = false; OverflowAllocator = eastl::dummy_allocator]':
D:/Work/MWSTAGE/MWSDK/Act_samples/Rcv_Univsl/dup_checker.hpp:106:73:   required from 'dup_check<MODE, TIMEOUT_ms, N_ENTRIES, N_BUCKET_HASH>::dup_check() [with unsigned int MODE = 131087u; unsigned int TIMEOUT_ms = 3000u; long unsigned int N_ENTRIES = 15ul; long unsigned int N_BUCKET_HASH = 7ul]'
D:/Work/MWSTAGE/MWSDK/Act_samples/Rcv_Univsl/pkt_apptwelite.hpp:24:26:   required from here
D:/Work/MWSTAGE/MWSDK/TWENET/current/src/EASTL/include/EASTL/fixed_vector.h:185:3: warning: cast from 'eastl::aligned_buffer_char* {aka char*}' to 'eastl::fixed_vector<dup_check<131087u, 3000u, 15ul, 7ul>::_dup_checker_entry, 15ul, false, eastl::dummy_allocator>::value_type* {aka dup_check<131087u, 3000u, 15ul, 7ul>::_dup_checker_entry*}' increases required alignment of target type [-Wcast-align]
In file included from D:/Work/MWSTAGE/MWSDK/TWENET/current/src/EASTL/include/EASTL/vector.h:42:0,
                 from D:/Work/MWSTAGE/MWSDK/TWENET/current/src/EASTL/include/EASTL/fixed_vector.h:16,
                 from D:/Work/MWSTAGE/MWSDK/Act_samples/Rcv_Univsl/pkt_apptwelite.hpp:11,
                 from D:/Work/MWSTAGE/MWSDK/Act_samples/Rcv_Univsl/pkt_apptwelite.cpp:6:
D:/Work/MWSTAGE/MWSDK/TWENET/current/src/EASTL/include/EASTL/memory.h: In instantiation of 'T* eastl::addressof(T&) [with T = dup_check<131087u, 3000u, 15ul, 7ul>::_dup_checker_entry]':
D:/Work/MWSTAGE/MWSDK/TWENET/current/src/EASTL/include/EASTL/memory.h:928:4:   required from 'void eastl::uninitialized_default_fill_n(ForwardIterator, Count) [with ForwardIterator = dup_check<131087u, 3000u, 15ul, 7ul>::_dup_checker_entry*; Count = long unsigned int]'
D:/Work/MWSTAGE/MWSDK/TWENET/current/src/EASTL/include/EASTL/vector.h:1851:4:   required from 'void eastl::vector<T, Allocator>::DoInsertValuesEnd(eastl::vector<T, Allocator>::size_type) [with T = dup_check<131087u, 3000u, 15ul, 7ul>::_dup_checker_entry; Allocator = eastl::fixed_vector_allocator<12ul, 15ul, 4ul, 0ul, false, eastl::dummy_allocator>; eastl::vector<T, Allocator>::size_type = long unsigned int]'
D:/Work/MWSTAGE/MWSDK/TWENET/current/src/EASTL/include/EASTL/vector.h:857:4:   required from 'void eastl::vector<T, Allocator>::resize(eastl::vector<T, Allocator>::size_type) [with T = dup_check<131087u, 3000u, 15ul, 7ul>::_dup_checker_entry; Allocator = eastl::fixed_vector_allocator<12ul, 15ul, 4ul, 0ul, false, eastl::dummy_allocator>; eastl::vector<T, Allocator>::size_type = long unsigned int]'
D:/Work/MWSTAGE/MWSDK/Act_samples/Rcv_Univsl/dup_checker.hpp:108:3:   required from 'dup_check<MODE, TIMEOUT_ms, N_ENTRIES, N_BUCKET_HASH>::dup_check() [with unsigned int MODE = 131087u; unsigned int TIMEOUT_ms = 3000u; long unsigned int N_ENTRIES = 15ul; long unsigned int N_BUCKET_HASH = 7ul]'
D:/Work/MWSTAGE/MWSDK/Act_samples/Rcv_Univsl/pkt_apptwelite.hpp:24:26:   required from here
D:/Work/MWSTAGE/MWSDK/TWENET/current/src/EASTL/include/EASTL/memory.h:116:96: warning: cast from 'char*' to 'dup_check<131087u, 3000u, 15ul, 7ul>::_dup_checker_entry*' increases required alignment of target type [-Wcast-align]
D:/Work/MWSTAGE/MWSDK/Act_samples/Rcv_Univsl/pkt_apptwelite.cpp:159:1: warning: control reaches end of non-void function [-Wreturn-type]
In file included from D:/Work/MWSTAGE/MWSDK/TWENET/current/src/EASTL/include/EASTL/fixed_vector.h:17:0,
                 from D:/Work/MWSTAGE/MWSDK/Act_samples/Rcv_Univsl/dup_checker.hpp:13,
                 from D:/Work/MWSTAGE/MWSDK/Act_samples/Rcv_Univsl/pkt_handler.hpp:10,
                 from D:/Work/MWSTAGE/MWSDK/Act_samples/Rcv_Univsl/pkt_handler.cpp:5:
D:/Work/MWSTAGE/MWSDK/TWENET/current/src/EASTL/include/EASTL/internal/fixed_pool.h: In member function 'void* eastl::fixed_pool::allocate()':
D:/Work/MWSTAGE/MWSDK/TWENET/current/src/EASTL/include/EASTL/internal/fixed_pool.h:320:86: warning: cast from 'char8_t* {aka char*}' to 'eastl::fixed_pool_base::Link*' increases required alignment of target type [-Wcast-align]
In file included from D:/Work/MWSTAGE/MWSDK/Act_samples/Rcv_Univsl/dup_checker.hpp:13:0,
                 from D:/Work/MWSTAGE/MWSDK/Act_samples/Rcv_Univsl/pkt_handler.hpp:10,
                 from D:/Work/MWSTAGE/MWSDK/Act_samples/Rcv_Univsl/pkt_handler.cpp:5:
D:/Work/MWSTAGE/MWSDK/TWENET/current/src/EASTL/include/EASTL/fixed_vector.h: In instantiation of 'eastl::fixed_vector<T, nodeCount, bEnableOverflow, OverflowAllocator>::fixed_vector() [with T = _pal_sensor; long unsigned int nodeCount = 15ul; bool bEnableOverflow = false; OverflowAllocator = eastl::dummy_allocator]':
D:/Work/MWSTAGE/MWSDK/Act_samples/Rcv_Univsl/pkt_pal.hpp:253:61:   required from here
D:/Work/MWSTAGE/MWSDK/TWENET/current/src/EASTL/include/EASTL/fixed_vector.h:185:3: warning: cast from 'eastl::aligned_buffer_char* {aka char*}' to 'eastl::fixed_vector<_pal_sensor, 15ul, false>::value_type* {aka _pal_sensor*}' increases required alignment of target type [-Wcast-align]
D:/Work/MWSTAGE/MWSDK/TWENET/current/src/EASTL/include/EASTL/fixed_vector.h: In instantiation of 'eastl::fixed_vector<T, nodeCount, bEnableOverflow, OverflowAllocator>::fixed_vector() [with T = short int; long unsigned int nodeCount = 16ul; bool bEnableOverflow = false; OverflowAllocator = eastl::dummy_allocator]':
D:/Work/MWSTAGE/MWSDK/Act_samples/Rcv_Univsl/pkt_pal.hpp:253:61:   required from here
D:/Work/MWSTAGE/MWSDK/TWENET/current/src/EASTL/include/EASTL/fixed_vector.h:185:3: warning: cast from 'eastl::aligned_buffer_char* {aka char*}' to 'eastl::fixed_vector<short int, 16ul, false>::value_type* {aka short int*}' increases required alignment of target type [-Wcast-align]
D:/Work/MWSTAGE/MWSDK/TWENET/current/src/EASTL/include/EASTL/fixed_vector.h: In instantiation of 'eastl::fixed_vector<T, nodeCount, bEnableOverflow, OverflowAllocator>::fixed_vector() [with T = dup_check<131087u, 3000u, 15ul, 7ul>::_dup_checker_entry; long unsigned int nodeCount = 15ul; bool bEnableOverflow = false; OverflowAllocator = eastl::dummy_allocator]':
D:/Work/MWSTAGE/MWSDK/Act_samples/Rcv_Univsl/dup_checker.hpp:106:73:   required from 'dup_check<MODE, TIMEOUT_ms, N_ENTRIES, N_BUCKET_HASH>::dup_check() [with unsigned int MODE = 131087u; unsigned int TIMEOUT_ms = 3000u; long unsigned int N_ENTRIES = 15ul; long unsigned int N_BUCKET_HASH = 7ul]'
D:/Work/MWSTAGE/MWSDK/Act_samples/Rcv_Univsl/pkt_apptwelite.hpp:24:26:   required from here
D:/Work/MWSTAGE/MWSDK/TWENET/current/src/EASTL/include/EASTL/fixed_vector.h:185:3: warning: cast from 'eastl::aligned_buffer_char* {aka char*}' to 'eastl::fixed_vector<dup_check<131087u, 3000u, 15ul, 7ul>::_dup_checker_entry, 15ul, false, eastl::dummy_allocator>::value_type* {aka dup_check<131087u, 3000u, 15ul, 7ul>::_dup_checker_entry*}' increases required alignment of target type [-Wcast-align]
In file included from D:/Work/MWSTAGE/MWSDK/TWENET/current/src/EASTL/include/EASTL/vector.h:42:0,
                 from D:/Work/MWSTAGE/MWSDK/TWENET/current/src/EASTL/include/EASTL/fixed_vector.h:16,
                 from D:/Work/MWSTAGE/MWSDK/Act_samples/Rcv_Univsl/dup_checker.hpp:13,
                 from D:/Work/MWSTAGE/MWSDK/Act_samples/Rcv_Univsl/pkt_handler.hpp:10,
                 from D:/Work/MWSTAGE/MWSDK/Act_samples/Rcv_Univsl/pkt_handler.cpp:5:
D:/Work/MWSTAGE/MWSDK/TWENET/current/src/EASTL/include/EASTL/memory.h: In instantiation of 'T* eastl::addressof(T&) [with T = dup_check<131087u, 3000u, 15ul, 7ul>::_dup_checker_entry]':
D:/Work/MWSTAGE/MWSDK/TWENET/current/src/EASTL/include/EASTL/memory.h:928:4:   required from 'void eastl::uninitialized_default_fill_n(ForwardIterator, Count) [with ForwardIterator = dup_check<131087u, 3000u, 15ul, 7ul>::_dup_checker_entry*; Count = long unsigned int]'
D:/Work/MWSTAGE/MWSDK/TWENET/current/src/EASTL/include/EASTL/vector.h:1851:4:   required from 'void eastl::vector<T, Allocator>::DoInsertValuesEnd(eastl::vector<T, Allocator>::size_type) [with T = dup_check<131087u, 3000u, 15ul, 7ul>::_dup_checker_entry; Allocator = eastl::fixed_vector_allocator<12ul, 15ul, 4ul, 0ul, false, eastl::dummy_allocator>; eastl::vector<T, Allocator>::size_type = long unsigned int]'
D:/Work/MWSTAGE/MWSDK/TWENET/current/src/EASTL/include/EASTL/vector.h:857:4:   required from 'void eastl::vector<T, Allocator>::resize(eastl::vector<T, Allocator>::size_type) [with T = dup_check<131087u, 3000u, 15ul, 7ul>::_dup_checker_entry; Allocator = eastl::fixed_vector_allocator<12ul, 15ul, 4ul, 0ul, false, eastl::dummy_allocator>; eastl::vector<T, Allocator>::size_type = long unsigned int]'
D:/Work/MWSTAGE/MWSDK/Act_samples/Rcv_Univsl/dup_checker.hpp:108:3:   required from 'dup_check<MODE, TIMEOUT_ms, N_ENTRIES, N_BUCKET_HASH>::dup_check() [with unsigned int MODE = 131087u; unsigned int TIMEOUT_ms = 3000u; long unsigned int N_ENTRIES = 15ul; long unsigned int N_BUCKET_HASH = 7ul]'
D:/Work/MWSTAGE/MWSDK/Act_samples/Rcv_Univsl/pkt_apptwelite.hpp:24:26:   required from here
D:/Work/MWSTAGE/MWSDK/TWENET/current/src/EASTL/include/EASTL/memory.h:116:96: warning: cast from 'char*' to 'dup_check<131087u, 3000u, 15ul, 7ul>::_dup_checker_entry*' increases required alignment of target type [-Wcast-align]
In file included from D:/Work/MWSTAGE/MWSDK/TWENET/current/src/EASTL/include/EASTL/fixed_vector.h:17:0,
                 from D:/Work/MWSTAGE/MWSDK/Act_samples/Rcv_Univsl/pkt_pal.hpp:12,
                 from D:/Work/MWSTAGE/MWSDK/Act_samples/Rcv_Univsl/pkt_pal.cpp:5:
D:/Work/MWSTAGE/MWSDK/TWENET/current/src/EASTL/include/EASTL/internal/fixed_pool.h: In member function 'void* eastl::fixed_pool::allocate()':
D:/Work/MWSTAGE/MWSDK/TWENET/current/src/EASTL/include/EASTL/internal/fixed_pool.h:320:86: warning: cast from 'char8_t* {aka char*}' to 'eastl::fixed_pool_base::Link*' increases required alignment of target type [-Wcast-align]
In file included from D:/Work/MWSTAGE/MWSDK/Act_samples/Rcv_Univsl/pkt_pal.hpp:12:0,
                 from D:/Work/MWSTAGE/MWSDK/Act_samples/Rcv_Univsl/pkt_pal.cpp:5:
D:/Work/MWSTAGE/MWSDK/TWENET/current/src/EASTL/include/EASTL/fixed_vector.h: In instantiation of 'eastl::fixed_vector<T, nodeCount, bEnableOverflow, OverflowAllocator>::fixed_vector() [with T = _pal_sensor; long unsigned int nodeCount = 15ul; bool bEnableOverflow = false; OverflowAllocator = eastl::dummy_allocator]':
D:/Work/MWSTAGE/MWSDK/Act_samples/Rcv_Univsl/pkt_pal.hpp:253:61:   required from here
D:/Work/MWSTAGE/MWSDK/TWENET/current/src/EASTL/include/EASTL/fixed_vector.h:185:3: warning: cast from 'eastl::aligned_buffer_char* {aka char*}' to 'eastl::fixed_vector<_pal_sensor, 15ul, false>::value_type* {aka _pal_sensor*}' increases required alignment of target type [-Wcast-align]
D:/Work/MWSTAGE/MWSDK/TWENET/current/src/EASTL/include/EASTL/fixed_vector.h: In instantiation of 'eastl::fixed_vector<T, nodeCount, bEnableOverflow, OverflowAllocator>::fixed_vector() [with T = short int; long unsigned int nodeCount = 16ul; bool bEnableOverflow = false; OverflowAllocator = eastl::dummy_allocator]':
D:/Work/MWSTAGE/MWSDK/Act_samples/Rcv_Univsl/pkt_pal.hpp:253:61:   required from here
D:/Work/MWSTAGE/MWSDK/TWENET/current/src/EASTL/include/EASTL/fixed_vector.h:185:3: warning: cast from 'eastl::aligned_buffer_char* {aka char*}' to 'eastl::fixed_vector<short int, 16ul, false>::value_type* {aka short int*}' increases required alignment of target type [-Wcast-align]
D:/Work/MWSTAGE/MWSDK/Act_samples/Rcv_Univsl/pkt_pal.cpp: In member function 'bool pkt_pal::b_pal_packet_analyze_payload(const uint8_t*, const uint8_t*)':
D:/Work/MWSTAGE/MWSDK/Act_samples/Rcv_Univsl/pkt_pal.cpp:210:14: warning: 'n_sensors' may be used uninitialized in this function [-Wmaybe-uninitialized]
